[INFO] Scanning for projects...
[INFO] 
[INFO] --------------------------< com:FreeLanceHub >--------------------------
[INFO] Building FreeLanceHub 0.0.1-SNAPSHOT
[INFO]   from pom.xml
[INFO] --------------------------------[ jar ]---------------------------------
[INFO] 
[INFO] --- resources:3.3.1:resources (default-resources) @ FreeLanceHub ---
[INFO] Copying 1 resource from src\main\resources to target\classes
[INFO] Copying 0 resource from src\main\resources to target\classes
[INFO] 
[INFO] --- compiler:3.14.1:compile (default-compile) @ FreeLanceHub ---
[INFO] Recompiling the module because of changed source code.
[INFO] Compiling 59 source files with javac [debug parameters release 21] to target\classes
WARNING: A terminally deprecated method in sun.misc.Unsafe has been called
WARNING: sun.misc.Unsafe::objectFieldOffset has been called by lombok.permit.Permit
WARNING: Please consider reporting this to the maintainers of class lombok.permit.Permit
WARNING: sun.misc.Unsafe::objectFieldOffset will be removed in a future release
[INFO] -------------------------------------------------------------
[ERROR] COMPILATION ERROR : 
[INFO] -------------------------------------------------------------
[ERROR] /C:/Users/Sahil Randil/Documents/cdacfreelance/FreeLanceHub/FreeLanceHub_Backend/FreeLanceHub/src/main/java/com/FreeLanceHub/ServiceImpl/ProposalServiceImpl.java:[52,50] cannot find symbol
  symbol:   variable SENT
  location: class com.FreeLanceHub.Entity.ProposalStatus
[INFO] 1 error
[INFO] -------------------------------------------------------------
[INFO] ------------------------------------------------------------------------
[INFO] BUILD FAILURE
[INFO] ------------------------------------------------------------------------
[INFO] Total time:  5.183 s
[INFO] Finished at: 2026-01-26T20:55:03+05:30
[INFO] ------------------------------------------------------------------------
[ERROR] Failed to execute goal org.apache.maven.plugins:maven-compiler-plugin:3.14.1:compile (default-compile) on project FreeLanceHub: Compilation failure
[ERROR] /C:/Users/Sahil Randil/Documents/cdacfreelance/FreeLanceHub/FreeLanceHub_Backend/FreeLanceHub/src/main/java/com/FreeLanceHub/ServiceImpl/ProposalServiceImpl.java:[52,50] cannot find symbol
[ERROR]   symbol:   variable SENT
[ERROR]   location: class com.FreeLanceHub.Entity.ProposalStatus
[ERROR] 
[ERROR] -> [Help 1]
[ERROR] 
[ERROR] To see the full stack trace of the errors, re-run Maven with the -e switch.
[ERROR] Re-run Maven using the -X switch to enable full debug logging.
[ERROR] 
[ERROR] For more information about the errors and possible solutions, please read the following articles:
[ERROR] [Help 1] http://cwiki.apache.org/confluence/display/MAVEN/MojoFailureException
